2026-05-22T00:00:28.290+05:30  INFO 9032 --- [User-Service] [http-nio-8082-exec-3] c.t.ams.user.service.UserServiceImpl     : Request for the User Registration
2026-05-22T00:00:28.325+05:30  WARN 9032 --- [User-Service] [http-nio-8082-exec-3] org.hibernate.orm.jdbc.error             : HHH000247: ErrorCode: 1062, SQLState: 23000
2026-05-22T00:00:28.325+05:30  WARN 9032 --- [User-Service] [http-nio-8082-exec-3] org.hibernate.orm.jdbc.error             : Duplicate entry 'tejas@gmail.com' for key 'user_table.UKeamk4l51hm6yqb8xw37i23kb5'
2026-05-22T00:00:28.436+05:30 ERROR 9032 --- [User-Service] [http-nio-8082-exec-3] c.t.ams.user.service.UserServiceImpl     : Error in database server: org.springframework.dao.DataIntegrityViolationException: could not execute statement [Duplicate entry 'tejas@gmail.com' for key 'user_table.UKeamk4l51hm6yqb8xw37i23kb5'] [insert into user_table (address,created_at,customer_category,date_of_birth,email,name,password,phone,username) values (?,?,?,?,?,?,?,?,?)]; SQL [insert into user_table (address,created_at,customer_category,date_of_birth,email,name,password,phone,username) values (?,?,?,?,?,?,?,?,?)]; constraint [user_table.UKeamk4l51hm6yqb8xw37i23kb5]
2026-05-22T00:00:28.477+05:30  WARN 9032 --- [User-Service] [http-nio-8082-exec-3] .m.m.a.ExceptionHandlerExceptionResolver : Resolved [com.tejas.ams.user.exceptions.GeneralError: Something went wrong]
2026-05-22T08:00:39.408+05:30  INFO 7568 --- [User-Service] [restartedMain] c.tejas.ams.user.UserServiceApplication  : Starting UserServiceApplication using Java 17.0.3 with PID 7568 (E:\Tejas\Enterprise Application\Airline-Managment-System-Microservice\User-Service\target\classes started by tejas in E:\Tejas\Enterprise Application\Airline-Managment-System-Microservice\User-Service)
2026-05-22T08:00:39.461+05:30  INFO 7568 --- [User-Service] [restartedMain] c.tejas.ams.user.UserServiceApplication  : No active profile set, falling back to 1 default profile: "default"
2026-05-22T08:00:39.821+05:30  INFO 7568 --- [User-Service] [restartedMain] .e.DevToolsPropertyDefaultsPostProcessor : Devtools property defaults active! Set 'spring.devtools.add-properties' to 'false' to disable
2026-05-22T08:00:39.825+05:30  INFO 7568 --- [User-Service] [restartedMain] .e.DevToolsPropertyDefaultsPostProcessor : For additional web related logging consider setting the 'logging.level.web' property to 'DEBUG'
2026-05-22T08:00:41.628+05:30  INFO 7568 --- [User-Service] [restartedMain] .s.d.r.c.RepositoryConfigurationDelegate : Bootstrapping Spring Data JPA repositories in DEFAULT mode.
2026-05-22T08:00:41.806+05:30  INFO 7568 --- [User-Service] [restartedMain] .s.d.r.c.RepositoryConfigurationDelegate : Finished Spring Data repository scanning in 152 ms. Found 1 JPA repository interface.
2026-05-22T08:00:43.220+05:30  INFO 7568 --- [User-Service] [restartedMain] o.s.boot.tomcat.TomcatWebServer          : Tomcat initialized with port 8082 (http)
2026-05-22T08:00:43.271+05:30  INFO 7568 --- [User-Service] [restartedMain] o.apache.catalina.core.StandardService   : Starting service [Tomcat]
2026-05-22T08:00:43.272+05:30  INFO 7568 --- [User-Service] [restartedMain] o.apache.catalina.core.StandardEngine    : Starting Servlet engine: [Apache Tomcat/11.0.21]
2026-05-22T08:00:43.385+05:30  INFO 7568 --- [User-Service] [restartedMain] b.w.c.s.WebApplicationContextInitializer : Root WebApplicationContext: initialization completed in 3556 ms
2026-05-22T08:00:43.947+05:30  INFO 7568 --- [User-Service] [restartedMain] org.hibernate.orm.jpa                    : HHH008540: Processing PersistenceUnitInfo [name: default]
2026-05-22T08:00:44.060+05:30  INFO 7568 --- [User-Service] [restartedMain] org.hibernate.orm.core                   : HHH000001: Hibernate ORM core version 7.2.12.Final
2026-05-22T08:00:45.083+05:30  INFO 7568 --- [User-Service] [restartedMain] o.s.o.j.p.SpringPersistenceUnitInfo      : No LoadTimeWeaver setup: ignoring JPA class transformer
2026-05-22T08:00:45.150+05:30  INFO 7568 --- [User-Service] [restartedMain] com.zaxxer.hikari.HikariDataSource       : HikariPool-1 - Starting...
2026-05-22T08:00:45.869+05:30  INFO 7568 --- [User-Service] [restartedMain] com.zaxxer.hikari.pool.HikariPool        : HikariPool-1 - Added connection com.mysql.cj.jdbc.ConnectionImpl@4e807002
2026-05-22T08:00:45.904+05:30  INFO 7568 --- [User-Service] [restartedMain] com.zaxxer.hikari.HikariDataSource       : HikariPool-1 - Start completed.
2026-05-22T08:00:46.091+05:30  INFO 7568 --- [User-Service] [restartedMain] org.hibernate.orm.connections.pooling    : HHH10001005: Database info:
	Database JDBC URL [jdbc:mysql://localhost:3306/User_Service]
	Database driver: MySQL Connector/J
	Database dialect: MySQLDialect
	Database version: 8.0.46
	Default catalog/schema: User_Service/undefined
	Autocommit mode: undefined/unknown
	Isolation level: REPEATABLE_READ [default REPEATABLE_READ]
	JDBC fetch size: none
	Pool: DataSourceConnectionProvider
	Minimum pool size: undefined/unknown
	Maximum pool size: undefined/unknown
2026-05-22T08:00:50.361+05:30  INFO 7568 --- [User-Service] [restartedMain] org.hibernate.orm.core                   : HHH000489: No JTA platform available (set 'hibernate.transaction.jta.platform' to enable JTA platform integration)
2026-05-22T08:00:50.575+05:30  INFO 7568 --- [User-Service] [restartedMain] j.LocalContainerEntityManagerFactoryBean : Initialized JPA EntityManagerFactory for persistence unit 'default'
2026-05-22T08:00:51.044+05:30  INFO 7568 --- [User-Service] [restartedMain] o.s.d.j.r.query.QueryEnhancerFactories   : Hibernate is in classpath; If applicable, HQL parser will be used.
2026-05-22T08:00:51.611+05:30  WARN 7568 --- [User-Service] [restartedMain] JpaBaseConfiguration$JpaWebConfiguration : spring.jpa.open-in-view is enabled by default. Therefore, database queries may be performed during view rendering. Explicitly configure spring.jpa.open-in-view to disable this warning
2026-05-22T08:00:53.443+05:30  INFO 7568 --- [User-Service] [restartedMain] o.s.boot.tomcat.TomcatWebServer          : Tomcat started on port 8082 (http) with context path '/'
2026-05-22T08:00:53.458+05:30  INFO 7568 --- [User-Service] [restartedMain] c.tejas.ams.user.UserServiceApplication  : Started UserServiceApplication in 15.401 seconds (process running for 16.489)
2026-05-22T08:01:22.715+05:30  INFO 7568 --- [User-Service] [http-nio-8082-exec-2] o.a.c.c.C.[Tomcat].[localhost].[/]       : Initializing Spring DispatcherServlet 'dispatcherServlet'
2026-05-22T08:01:22.715+05:30  INFO 7568 --- [User-Service] [http-nio-8082-exec-2] o.s.web.servlet.DispatcherServlet        : Initializing Servlet 'dispatcherServlet'
2026-05-22T08:01:22.729+05:30  INFO 7568 --- [User-Service] [http-nio-8082-exec-2] o.s.web.servlet.DispatcherServlet        : Completed initialization in 2 ms
2026-05-22T08:13:21.288+05:30  WARN 7568 --- [User-Service] [HikariPool-1:housekeeper] com.zaxxer.hikari.pool.HikariPool        : HikariPool-1 - Thread starvation or clock leap detected (housekeeper delta=11m5s580ms117µs300ns).
2026-05-22T08:28:30.913+05:30  WARN 7568 --- [User-Service] [HikariPool-1:housekeeper] com.zaxxer.hikari.pool.HikariPool        : HikariPool-1 - Thread starvation or clock leap detected (housekeeper delta=14m39s953ms309µs100ns).
2026-05-22T08:36:01.306+05:30  INFO 7792 --- [User-Service] [restartedMain] c.tejas.ams.user.UserServiceApplication  : Starting UserServiceApplication using Java 17.0.3 with PID 7792 (E:\Tejas\Enterprise Application\Airline-Managment-System-Microservice\User-Service\target\classes started by tejas in E:\Tejas\Enterprise Application\Airline-Managment-System-Microservice\User-Service)
2026-05-22T08:36:01.365+05:30  INFO 7792 --- [User-Service] [restartedMain] c.tejas.ams.user.UserServiceApplication  : No active profile set, falling back to 1 default profile: "default"
2026-05-22T08:36:01.807+05:30  INFO 7792 --- [User-Service] [restartedMain] .e.DevToolsPropertyDefaultsPostProcessor : Devtools property defaults active! Set 'spring.devtools.add-properties' to 'false' to disable
2026-05-22T08:36:01.814+05:30  INFO 7792 --- [User-Service] [restartedMain] .e.DevToolsPropertyDefaultsPostProcessor : For additional web related logging consider setting the 'logging.level.web' property to 'DEBUG'
2026-05-22T08:36:05.155+05:30  INFO 7792 --- [User-Service] [restartedMain] .s.d.r.c.RepositoryConfigurationDelegate : Bootstrapping Spring Data JPA repositories in DEFAULT mode.
2026-05-22T08:36:05.875+05:30  INFO 7792 --- [User-Service] [restartedMain] .s.d.r.c.RepositoryConfigurationDelegate : Finished Spring Data repository scanning in 678 ms. Found 1 JPA repository interface.
2026-05-22T08:36:08.325+05:30  INFO 7792 --- [User-Service] [restartedMain] o.s.boot.tomcat.TomcatWebServer          : Tomcat initialized with port 8082 (http)
2026-05-22T08:36:08.359+05:30  INFO 7792 --- [User-Service] [restartedMain] o.apache.catalina.core.StandardService   : Starting service [Tomcat]
2026-05-22T08:36:08.361+05:30  INFO 7792 --- [User-Service] [restartedMain] o.apache.catalina.core.StandardEngine    : Starting Servlet engine: [Apache Tomcat/11.0.21]
2026-05-22T08:36:08.467+05:30  INFO 7792 --- [User-Service] [restartedMain] b.w.c.s.WebApplicationContextInitializer : Root WebApplicationContext: initialization completed in 6645 ms
2026-05-22T08:36:08.865+05:30  INFO 7792 --- [User-Service] [restartedMain] org.hibernate.orm.jpa                    : HHH008540: Processing PersistenceUnitInfo [name: default]
2026-05-22T08:36:09.046+05:30  INFO 7792 --- [User-Service] [restartedMain] org.hibernate.orm.core                   : HHH000001: Hibernate ORM core version 7.2.12.Final
2026-05-22T08:36:10.019+05:30  INFO 7792 --- [User-Service] [restartedMain] o.s.o.j.p.SpringPersistenceUnitInfo      : No LoadTimeWeaver setup: ignoring JPA class transformer
2026-05-22T08:36:10.084+05:30  INFO 7792 --- [User-Service] [restartedMain] com.zaxxer.hikari.HikariDataSource       : HikariPool-1 - Starting...
2026-05-22T08:36:10.747+05:30  INFO 7792 --- [User-Service] [restartedMain] com.zaxxer.hikari.pool.HikariPool        : HikariPool-1 - Added connection com.mysql.cj.jdbc.ConnectionImpl@4e807002
2026-05-22T08:36:10.754+05:30  INFO 7792 --- [User-Service] [restartedMain] com.zaxxer.hikari.HikariDataSource       : HikariPool-1 - Start completed.
2026-05-22T08:36:10.911+05:30  INFO 7792 --- [User-Service] [restartedMain] org.hibernate.orm.connections.pooling    : HHH10001005: Database info:
	Database JDBC URL [jdbc:mysql://localhost:3306/User_Service]
	Database driver: MySQL Connector/J
	Database dialect: MySQLDialect
	Database version: 8.0.46
	Default catalog/schema: User_Service/undefined
	Autocommit mode: undefined/unknown
	Isolation level: REPEATABLE_READ [default REPEATABLE_READ]
	JDBC fetch size: none
	Pool: DataSourceConnectionProvider
	Minimum pool size: undefined/unknown
	Maximum pool size: undefined/unknown
2026-05-22T08:36:12.882+05:30  INFO 7792 --- [User-Service] [restartedMain] org.hibernate.orm.core                   : HHH000489: No JTA platform available (set 'hibernate.transaction.jta.platform' to enable JTA platform integration)
2026-05-22T08:36:13.911+05:30  INFO 7792 --- [User-Service] [restartedMain] j.LocalContainerEntityManagerFactoryBean : Initialized JPA EntityManagerFactory for persistence unit 'default'
2026-05-22T08:36:14.122+05:30  INFO 7792 --- [User-Service] [restartedMain] o.s.d.j.r.query.QueryEnhancerFactories   : Hibernate is in classpath; If applicable, HQL parser will be used.
2026-05-22T08:36:14.377+05:30  WARN 7792 --- [User-Service] [restartedMain] JpaBaseConfiguration$JpaWebConfiguration : spring.jpa.open-in-view is enabled by default. Therefore, database queries may be performed during view rendering. Explicitly configure spring.jpa.open-in-view to disable this warning
2026-05-22T08:36:15.172+05:30  INFO 7792 --- [User-Service] [restartedMain] o.s.boot.tomcat.TomcatWebServer          : Tomcat started on port 8082 (http) with context path '/'
2026-05-22T08:36:15.186+05:30  INFO 7792 --- [User-Service] [restartedMain] c.tejas.ams.user.UserServiceApplication  : Started UserServiceApplication in 15.448 seconds (process running for 16.529)
2026-05-22T08:36:21.969+05:30  INFO 7792 --- [User-Service] [http-nio-8082-exec-10] o.a.c.c.C.[Tomcat].[localhost].[/]       : Initializing Spring DispatcherServlet 'dispatcherServlet'
2026-05-22T08:36:21.970+05:30  INFO 7792 --- [User-Service] [http-nio-8082-exec-10] o.s.web.servlet.DispatcherServlet        : Initializing Servlet 'dispatcherServlet'
2026-05-22T08:36:21.978+05:30  INFO 7792 --- [User-Service] [http-nio-8082-exec-10] o.s.web.servlet.DispatcherServlet        : Completed initialization in 8 ms
2026-05-22T08:36:22.169+05:30  INFO 7792 --- [User-Service] [http-nio-8082-exec-10] c.t.ams.user.service.UserServiceImpl     : Users detalis fetch 
2026-05-22T08:36:22.804+05:30  WARN 7792 --- [User-Service] [http-nio-8082-exec-10] .m.m.a.ExceptionHandlerExceptionResolver : Resolved [com.tejas.ams.user.exceptions.UserNotFoundException: User message not found]
2026-05-22T08:36:57.861+05:30  INFO 7792 --- [User-Service] [File Watcher] rtingClassPathChangeChangedEventListener : Restarting due to 1 class path change (0 additions, 0 deletions, 1 modification)
2026-05-22T08:36:57.876+05:30  INFO 7792 --- [User-Service] [Thread-1] o.s.boot.tomcat.GracefulShutdown         : Commencing graceful shutdown. Waiting for active requests to complete
2026-05-22T08:36:57.929+05:30  INFO 7792 --- [User-Service] [tomcat-shutdown] o.s.boot.tomcat.GracefulShutdown         : Graceful shutdown complete
2026-05-22T08:36:57.938+05:30  INFO 7792 --- [User-Service] [Thread-1] j.LocalContainerEntityManagerFactoryBean : Closing JPA EntityManagerFactory for persistence unit 'default'
2026-05-22T08:36:58.018+05:30  INFO 7792 --- [User-Service] [Thread-1] com.zaxxer.hikari.HikariDataSource       : HikariPool-1 - Shutdown initiated...
2026-05-22T08:36:58.040+05:30  INFO 7792 --- [User-Service] [Thread-1] com.zaxxer.hikari.HikariDataSource       : HikariPool-1 - Shutdown completed.
2026-05-22T08:36:58.232+05:30  INFO 7792 --- [User-Service] [restartedMain] c.tejas.ams.user.UserServiceApplication  : Starting UserServiceApplication using Java 17.0.3 with PID 7792 (E:\Tejas\Enterprise Application\Airline-Managment-System-Microservice\User-Service\target\classes started by tejas in E:\Tejas\Enterprise Application\Airline-Managment-System-Microservice\User-Service)
2026-05-22T08:36:58.233+05:30  INFO 7792 --- [User-Service] [restartedMain] c.tejas.ams.user.UserServiceApplication  : No active profile set, falling back to 1 default profile: "default"
2026-05-22T08:36:58.651+05:30  INFO 7792 --- [User-Service] [restartedMain] .s.d.r.c.RepositoryConfigurationDelegate : Bootstrapping Spring Data JPA repositories in DEFAULT mode.
2026-05-22T08:36:58.676+05:30  INFO 7792 --- [User-Service] [restartedMain] .s.d.r.c.RepositoryConfigurationDelegate : Finished Spring Data repository scanning in 19 ms. Found 1 JPA repository interface.
2026-05-22T08:36:58.910+05:30  INFO 7792 --- [User-Service] [restartedMain] o.s.boot.tomcat.TomcatWebServer          : Tomcat initialized with port 8082 (http)
2026-05-22T08:36:58.915+05:30  INFO 7792 --- [User-Service] [restartedMain] o.apache.catalina.core.StandardService   : Starting service [Tomcat]
2026-05-22T08:36:58.915+05:30  INFO 7792 --- [User-Service] [restartedMain] o.apache.catalina.core.StandardEngine    : Starting Servlet engine: [Apache Tomcat/11.0.21]
2026-05-22T08:36:58.956+05:30  INFO 7792 --- [User-Service] [restartedMain] b.w.c.s.WebApplicationContextInitializer : Root WebApplicationContext: initialization completed in 697 ms
2026-05-22T08:36:59.056+05:30  INFO 7792 --- [User-Service] [restartedMain] org.hibernate.orm.jpa                    : HHH008540: Processing PersistenceUnitInfo [name: default]
2026-05-22T08:36:59.142+05:30  INFO 7792 --- [User-Service] [restartedMain] o.s.o.j.p.SpringPersistenceUnitInfo      : No LoadTimeWeaver setup: ignoring JPA class transformer
2026-05-22T08:36:59.145+05:30  INFO 7792 --- [User-Service] [restartedMain] com.zaxxer.hikari.HikariDataSource       : HikariPool-2 - Starting...
2026-05-22T08:36:59.205+05:30  INFO 7792 --- [User-Service] [restartedMain] com.zaxxer.hikari.pool.HikariPool        : HikariPool-2 - Added connection com.mysql.cj.jdbc.ConnectionImpl@4fb8e691
2026-05-22T08:36:59.206+05:30  INFO 7792 --- [User-Service] [restartedMain] com.zaxxer.hikari.HikariDataSource       : HikariPool-2 - Start completed.
2026-05-22T08:36:59.216+05:30  INFO 7792 --- [User-Service] [restartedMain] org.hibernate.orm.connections.pooling    : HHH10001005: Database info:
	Database JDBC URL [jdbc:mysql://localhost:3306/User_Service]
	Database driver: MySQL Connector/J
	Database dialect: MySQLDialect
	Database version: 8.0.46
	Default catalog/schema: User_Service/undefined
	Autocommit mode: undefined/unknown
	Isolation level: REPEATABLE_READ [default REPEATABLE_READ]
	JDBC fetch size: none
	Pool: DataSourceConnectionProvider
	Minimum pool size: undefined/unknown
	Maximum pool size: undefined/unknown
2026-05-22T08:36:59.402+05:30  INFO 7792 --- [User-Service] [restartedMain] org.hibernate.orm.core                   : HHH000489: No JTA platform available (set 'hibernate.transaction.jta.platform' to enable JTA platform integration)
2026-05-22T08:36:59.434+05:30  INFO 7792 --- [User-Service] [restartedMain] j.LocalContainerEntityManagerFactoryBean : Initialized JPA EntityManagerFactory for persistence unit 'default'
2026-05-22T08:36:59.672+05:30  WARN 7792 --- [User-Service] [restartedMain] JpaBaseConfiguration$JpaWebConfiguration : spring.jpa.open-in-view is enabled by default. Therefore, database queries may be performed during view rendering. Explicitly configure spring.jpa.open-in-view to disable this warning
2026-05-22T08:36:59.985+05:30  INFO 7792 --- [User-Service] [restartedMain] o.s.boot.tomcat.TomcatWebServer          : Tomcat started on port 8082 (http) with context path '/'
2026-05-22T08:36:59.997+05:30  INFO 7792 --- [User-Service] [restartedMain] c.tejas.ams.user.UserServiceApplication  : Started UserServiceApplication in 1.839 seconds (process running for 61.34)
2026-05-22T08:37:00.000+05:30  INFO 7792 --- [User-Service] [restartedMain] .ConditionEvaluationDeltaLoggingListener : Condition evaluation unchanged
2026-05-22T08:37:03.023+05:30  INFO 7792 --- [User-Service] [http-nio-8082-exec-1] o.a.c.c.C.[Tomcat].[localhost].[/]       : Initializing Spring DispatcherServlet 'dispatcherServlet'
2026-05-22T08:37:03.024+05:30  INFO 7792 --- [User-Service] [http-nio-8082-exec-1] o.s.web.servlet.DispatcherServlet        : Initializing Servlet 'dispatcherServlet'
2026-05-22T08:37:03.029+05:30  INFO 7792 --- [User-Service] [http-nio-8082-exec-1] o.s.web.servlet.DispatcherServlet        : Completed initialization in 5 ms
2026-05-22T08:37:03.032+05:30  INFO 7792 --- [User-Service] [http-nio-8082-exec-1] c.t.ams.user.service.UserServiceImpl     : Users detalis fetch 
2026-05-22T08:37:03.064+05:30  WARN 7792 --- [User-Service] [http-nio-8082-exec-1] .m.m.a.ExceptionHandlerExceptionResolver : Resolved [com.tejas.ams.user.exceptions.UserNotFoundException: Users Data not found]
2026-05-22T08:37:26.228+05:30  INFO 7792 --- [User-Service] [http-nio-8082-exec-3] c.t.ams.user.service.UserServiceImpl     : Request for the User Registration
2026-05-22T08:37:26.424+05:30  INFO 7792 --- [User-Service] [http-nio-8082-exec-3] c.t.ams.user.service.UserServiceImpl     : User registered successfully with ID: 1
2026-05-22T08:37:30.036+05:30  INFO 7792 --- [User-Service] [http-nio-8082-exec-4] c.t.ams.user.service.UserServiceImpl     : Users detalis fetch 
2026-05-22T08:38:28.711+05:30  INFO 7792 --- [User-Service] [http-nio-8082-exec-5] c.t.ams.user.service.UserServiceImpl     : Request for the User Registration
2026-05-22T08:38:28.724+05:30  WARN 7792 --- [User-Service] [http-nio-8082-exec-5] org.hibernate.orm.jdbc.error             : HHH000247: ErrorCode: 1062, SQLState: 23000
2026-05-22T08:38:28.725+05:30  WARN 7792 --- [User-Service] [http-nio-8082-exec-5] org.hibernate.orm.jdbc.error             : Duplicate entry 'tejas@gmail.com' for key 'user_table.UKeamk4l51hm6yqb8xw37i23kb5'
2026-05-22T08:38:28.773+05:30 ERROR 7792 --- [User-Service] [http-nio-8082-exec-5] c.t.ams.user.service.UserServiceImpl     : Error while saving to database: org.springframework.dao.DataIntegrityViolationException: could not execute statement [Duplicate entry 'tejas@gmail.com' for key 'user_table.UKeamk4l51hm6yqb8xw37i23kb5'] [insert into user_table (address,created_at,customer_category,date_of_birth,email,name,password,phone,username) values (?,?,?,?,?,?,?,?,?)]; SQL [insert into user_table (address,created_at,customer_category,date_of_birth,email,name,password,phone,username) values (?,?,?,?,?,?,?,?,?)]; constraint [user_table.UKeamk4l51hm6yqb8xw37i23kb5]
2026-05-22T08:38:28.776+05:30  WARN 7792 --- [User-Service] [http-nio-8082-exec-5] .m.m.a.ExceptionHandlerExceptionResolver : Resolved [com.tejas.ams.user.exceptions.GeneralError: Something went wrong]
2026-05-22T08:41:22.649+05:30  INFO 7792 --- [User-Service] [File Watcher] rtingClassPathChangeChangedEventListener : Restarting due to 1 class path change (0 additions, 0 deletions, 1 modification)
2026-05-22T08:41:22.655+05:30  INFO 7792 --- [User-Service] [Thread-5] o.s.boot.tomcat.GracefulShutdown         : Commencing graceful shutdown. Waiting for active requests to complete
2026-05-22T08:41:22.708+05:30  INFO 7792 --- [User-Service] [tomcat-shutdown] o.s.boot.tomcat.GracefulShutdown         : Graceful shutdown complete
2026-05-22T08:41:22.713+05:30  INFO 7792 --- [User-Service] [Thread-5] j.LocalContainerEntityManagerFactoryBean : Closing JPA EntityManagerFactory for persistence unit 'default'
2026-05-22T08:41:22.714+05:30  INFO 7792 --- [User-Service] [Thread-5] com.zaxxer.hikari.HikariDataSource       : HikariPool-2 - Shutdown initiated...
2026-05-22T08:41:22.730+05:30  INFO 7792 --- [User-Service] [Thread-5] com.zaxxer.hikari.HikariDataSource       : HikariPool-2 - Shutdown completed.
2026-05-22T08:41:22.892+05:30  INFO 7792 --- [User-Service] [restartedMain] c.tejas.ams.user.UserServiceApplication  : Starting UserServiceApplication using Java 17.0.3 with PID 7792 (E:\Tejas\Enterprise Application\Airline-Managment-System-Microservice\User-Service\target\classes started by tejas in E:\Tejas\Enterprise Application\Airline-Managment-System-Microservice\User-Service)
2026-05-22T08:41:22.895+05:30  INFO 7792 --- [User-Service] [restartedMain] c.tejas.ams.user.UserServiceApplication  : No active profile set, falling back to 1 default profile: "default"
2026-05-22T08:41:23.254+05:30  INFO 7792 --- [User-Service] [restartedMain] .s.d.r.c.RepositoryConfigurationDelegate : Bootstrapping Spring Data JPA repositories in DEFAULT mode.
2026-05-22T08:41:23.281+05:30  INFO 7792 --- [User-Service] [restartedMain] .s.d.r.c.RepositoryConfigurationDelegate : Finished Spring Data repository scanning in 18 ms. Found 1 JPA repository interface.
2026-05-22T08:41:23.462+05:30  INFO 7792 --- [User-Service] [restartedMain] o.s.boot.tomcat.TomcatWebServer          : Tomcat initialized with port 8082 (http)
2026-05-22T08:41:23.467+05:30  INFO 7792 --- [User-Service] [restartedMain] o.apache.catalina.core.StandardService   : Starting service [Tomcat]
2026-05-22T08:41:23.470+05:30  INFO 7792 --- [User-Service] [restartedMain] o.apache.catalina.core.StandardEngine    : Starting Servlet engine: [Apache Tomcat/11.0.21]
2026-05-22T08:41:23.506+05:30  INFO 7792 --- [User-Service] [restartedMain] b.w.c.s.WebApplicationContextInitializer : Root WebApplicationContext: initialization completed in 603 ms
2026-05-22T08:41:23.631+05:30  INFO 7792 --- [User-Service] [restartedMain] org.hibernate.orm.jpa                    : HHH008540: Processing PersistenceUnitInfo [name: default]
2026-05-22T08:41:23.689+05:30  INFO 7792 --- [User-Service] [restartedMain] o.s.o.j.p.SpringPersistenceUnitInfo      : No LoadTimeWeaver setup: ignoring JPA class transformer
2026-05-22T08:41:23.693+05:30  INFO 7792 --- [User-Service] [restartedMain] com.zaxxer.hikari.HikariDataSource       : HikariPool-3 - Starting...
2026-05-22T08:41:23.771+05:30  INFO 7792 --- [User-Service] [restartedMain] com.zaxxer.hikari.pool.HikariPool        : HikariPool-3 - Added connection com.mysql.cj.jdbc.ConnectionImpl@1d772a45
2026-05-22T08:41:23.772+05:30  INFO 7792 --- [User-Service] [restartedMain] com.zaxxer.hikari.HikariDataSource       : HikariPool-3 - Start completed.
2026-05-22T08:41:23.779+05:30  INFO 7792 --- [User-Service] [restartedMain] org.hibernate.orm.connections.pooling    : HHH10001005: Database info:
	Database JDBC URL [jdbc:mysql://localhost:3306/User_Service]
	Database driver: MySQL Connector/J
	Database dialect: MySQLDialect
	Database version: 8.0.46
	Default catalog/schema: User_Service/undefined
	Autocommit mode: undefined/unknown
	Isolation level: REPEATABLE_READ [default REPEATABLE_READ]
	JDBC fetch size: none
	Pool: DataSourceConnectionProvider
	Minimum pool size: undefined/unknown
	Maximum pool size: undefined/unknown
2026-05-22T08:41:24.050+05:30  INFO 7792 --- [User-Service] [restartedMain] org.hibernate.orm.core                   : HHH000489: No JTA platform available (set 'hibernate.transaction.jta.platform' to enable JTA platform integration)
2026-05-22T08:41:24.073+05:30  INFO 7792 --- [User-Service] [restartedMain] j.LocalContainerEntityManagerFactoryBean : Initialized JPA EntityManagerFactory for persistence unit 'default'
2026-05-22T08:41:24.212+05:30  WARN 7792 --- [User-Service] [restartedMain] JpaBaseConfiguration$JpaWebConfiguration : spring.jpa.open-in-view is enabled by default. Therefore, database queries may be performed during view rendering. Explicitly configure spring.jpa.open-in-view to disable this warning
2026-05-22T08:41:24.494+05:30  INFO 7792 --- [User-Service] [restartedMain] o.s.boot.tomcat.TomcatWebServer          : Tomcat started on port 8082 (http) with context path '/'
2026-05-22T08:41:24.501+05:30  INFO 7792 --- [User-Service] [restartedMain] c.tejas.ams.user.UserServiceApplication  : Started UserServiceApplication in 1.679 seconds (process running for 325.844)
2026-05-22T08:41:24.506+05:30  INFO 7792 --- [User-Service] [restartedMain] .ConditionEvaluationDeltaLoggingListener : Condition evaluation unchanged
2026-05-22T08:43:06.330+05:30  INFO 7792 --- [User-Service] [File Watcher] rtingClassPathChangeChangedEventListener : Restarting due to 1 class path change (1 addition, 0 deletions, 0 modifications)
2026-05-22T08:43:06.336+05:30  INFO 7792 --- [User-Service] [Thread-9] o.s.boot.tomcat.GracefulShutdown         : Commencing graceful shutdown. Waiting for active requests to complete
2026-05-22T08:43:06.403+05:30  INFO 7792 --- [User-Service] [tomcat-shutdown] o.s.boot.tomcat.GracefulShutdown         : Graceful shutdown complete
2026-05-22T08:43:06.408+05:30  INFO 7792 --- [User-Service] [Thread-9] j.LocalContainerEntityManagerFactoryBean : Closing JPA EntityManagerFactory for persistence unit 'default'
2026-05-22T08:43:06.411+05:30  INFO 7792 --- [User-Service] [Thread-9] com.zaxxer.hikari.HikariDataSource       : HikariPool-3 - Shutdown initiated...
2026-05-22T08:43:06.434+05:30  INFO 7792 --- [User-Service] [Thread-9] com.zaxxer.hikari.HikariDataSource       : HikariPool-3 - Shutdown completed.
2026-05-22T08:43:06.595+05:30  INFO 7792 --- [User-Service] [restartedMain] c.tejas.ams.user.UserServiceApplication  : Starting UserServiceApplication using Java 17.0.3 with PID 7792 (E:\Tejas\Enterprise Application\Airline-Managment-System-Microservice\User-Service\target\classes started by tejas in E:\Tejas\Enterprise Application\Airline-Managment-System-Microservice\User-Service)
2026-05-22T08:43:06.597+05:30  INFO 7792 --- [User-Service] [restartedMain] c.tejas.ams.user.UserServiceApplication  : No active profile set, falling back to 1 default profile: "default"
2026-05-22T08:43:06.892+05:30  INFO 7792 --- [User-Service] [restartedMain] .s.d.r.c.RepositoryConfigurationDelegate : Bootstrapping Spring Data JPA repositories in DEFAULT mode.
2026-05-22T08:43:06.914+05:30  INFO 7792 --- [User-Service] [restartedMain] .s.d.r.c.RepositoryConfigurationDelegate : Finished Spring Data repository scanning in 13 ms. Found 1 JPA repository interface.
2026-05-22T08:43:07.085+05:30  INFO 7792 --- [User-Service] [restartedMain] o.s.boot.tomcat.TomcatWebServer          : Tomcat initialized with port 8082 (http)
2026-05-22T08:43:07.091+05:30  INFO 7792 --- [User-Service] [restartedMain] o.apache.catalina.core.StandardService   : Starting service [Tomcat]
2026-05-22T08:43:07.096+05:30  INFO 7792 --- [User-Service] [restartedMain] o.apache.catalina.core.StandardEngine    : Starting Servlet engine: [Apache Tomcat/11.0.21]
2026-05-22T08:43:07.171+05:30  INFO 7792 --- [User-Service] [restartedMain] b.w.c.s.WebApplicationContextInitializer : Root WebApplicationContext: initialization completed in 568 ms
2026-05-22T08:43:07.239+05:30  INFO 7792 --- [User-Service] [restartedMain] org.hibernate.orm.jpa                    : HHH008540: Processing PersistenceUnitInfo [name: default]
2026-05-22T08:43:07.315+05:30  INFO 7792 --- [User-Service] [restartedMain] o.s.o.j.p.SpringPersistenceUnitInfo      : No LoadTimeWeaver setup: ignoring JPA class transformer
2026-05-22T08:43:07.321+05:30  INFO 7792 --- [User-Service] [restartedMain] com.zaxxer.hikari.HikariDataSource       : HikariPool-4 - Starting...
2026-05-22T08:43:07.358+05:30  INFO 7792 --- [User-Service] [restartedMain] com.zaxxer.hikari.pool.HikariPool        : HikariPool-4 - Added connection com.mysql.cj.jdbc.ConnectionImpl@3a286e0e
2026-05-22T08:43:07.361+05:30  INFO 7792 --- [User-Service] [restartedMain] com.zaxxer.hikari.HikariDataSource       : HikariPool-4 - Start completed.
2026-05-22T08:43:07.365+05:30  INFO 7792 --- [User-Service] [restartedMain] org.hibernate.orm.connections.pooling    : HHH10001005: Database info:
	Database JDBC URL [jdbc:mysql://localhost:3306/User_Service]
	Database driver: MySQL Connector/J
	Database dialect: MySQLDialect
	Database version: 8.0.46
	Default catalog/schema: User_Service/undefined
	Autocommit mode: undefined/unknown
	Isolation level: REPEATABLE_READ [default REPEATABLE_READ]
	JDBC fetch size: none
	Pool: DataSourceConnectionProvider
	Minimum pool size: undefined/unknown
	Maximum pool size: undefined/unknown
2026-05-22T08:43:07.462+05:30  INFO 7792 --- [User-Service] [restartedMain] org.hibernate.orm.core                   : HHH000489: No JTA platform available (set 'hibernate.transaction.jta.platform' to enable JTA platform integration)
2026-05-22T08:43:07.492+05:30  INFO 7792 --- [User-Service] [restartedMain] j.LocalContainerEntityManagerFactoryBean : Initialized JPA EntityManagerFactory for persistence unit 'default'
2026-05-22T08:43:07.654+05:30  WARN 7792 --- [User-Service] [restartedMain] JpaBaseConfiguration$JpaWebConfiguration : spring.jpa.open-in-view is enabled by default. Therefore, database queries may be performed during view rendering. Explicitly configure spring.jpa.open-in-view to disable this warning
2026-05-22T08:43:07.823+05:30  INFO 7792 --- [User-Service] [restartedMain] o.s.boot.tomcat.TomcatWebServer          : Tomcat started on port 8082 (http) with context path '/'
2026-05-22T08:43:07.830+05:30  INFO 7792 --- [User-Service] [restartedMain] c.tejas.ams.user.UserServiceApplication  : Started UserServiceApplication in 1.315 seconds (process running for 429.173)
2026-05-22T08:43:07.835+05:30  INFO 7792 --- [User-Service] [restartedMain] .ConditionEvaluationDeltaLoggingListener : Condition evaluation unchanged
2026-05-22T09:08:56.105+05:30  INFO 8492 --- [User-Service] [restartedMain] c.tejas.ams.user.UserServiceApplication  : Starting UserServiceApplication using Java 17.0.3 with PID 8492 (E:\Tejas\Enterprise Application\Airline-Managment-System-Microservice\User-Service\target\classes started by tejas in E:\Tejas\Enterprise Application\Airline-Managment-System-Microservice\User-Service)
2026-05-22T09:08:56.114+05:30  INFO 8492 --- [User-Service] [restartedMain] c.tejas.ams.user.UserServiceApplication  : No active profile set, falling back to 1 default profile: "default"
2026-05-22T09:08:56.331+05:30  INFO 8492 --- [User-Service] [restartedMain] .e.DevToolsPropertyDefaultsPostProcessor : Devtools property defaults active! Set 'spring.devtools.add-properties' to 'false' to disable
2026-05-22T09:08:56.331+05:30  INFO 8492 --- [User-Service] [restartedMain] .e.DevToolsPropertyDefaultsPostProcessor : For additional web related logging consider setting the 'logging.level.web' property to 'DEBUG'
2026-05-22T09:08:58.300+05:30  INFO 8492 --- [User-Service] [restartedMain] .s.d.r.c.RepositoryConfigurationDelegate : Bootstrapping Spring Data JPA repositories in DEFAULT mode.
2026-05-22T09:08:58.448+05:30  INFO 8492 --- [User-Service] [restartedMain] .s.d.r.c.RepositoryConfigurationDelegate : Finished Spring Data repository scanning in 123 ms. Found 1 JPA repository interface.
2026-05-22T09:09:00.890+05:30  INFO 8492 --- [User-Service] [restartedMain] o.s.boot.tomcat.TomcatWebServer          : Tomcat initialized with port 8082 (http)
2026-05-22T09:09:01.135+05:30  INFO 8492 --- [User-Service] [restartedMain] o.apache.catalina.core.StandardService   : Starting service [Tomcat]
2026-05-22T09:09:01.137+05:30  INFO 8492 --- [User-Service] [restartedMain] o.apache.catalina.core.StandardEngine    : Starting Servlet engine: [Apache Tomcat/11.0.21]
2026-05-22T09:09:01.270+05:30  INFO 8492 --- [User-Service] [restartedMain] b.w.c.s.WebApplicationContextInitializer : Root WebApplicationContext: initialization completed in 4937 ms
2026-05-22T09:09:01.947+05:30  INFO 8492 --- [User-Service] [restartedMain] org.hibernate.orm.jpa                    : HHH008540: Processing PersistenceUnitInfo [name: default]
2026-05-22T09:09:02.058+05:30  INFO 8492 --- [User-Service] [restartedMain] org.hibernate.orm.core                   : HHH000001: Hibernate ORM core version 7.2.12.Final
2026-05-22T09:09:03.439+05:30  INFO 8492 --- [User-Service] [restartedMain] o.s.o.j.p.SpringPersistenceUnitInfo      : No LoadTimeWeaver setup: ignoring JPA class transformer
2026-05-22T09:09:03.516+05:30  INFO 8492 --- [User-Service] [restartedMain] com.zaxxer.hikari.HikariDataSource       : HikariPool-1 - Starting...
2026-05-22T09:09:04.212+05:30  INFO 8492 --- [User-Service] [restartedMain] com.zaxxer.hikari.pool.HikariPool        : HikariPool-1 - Added connection com.mysql.cj.jdbc.ConnectionImpl@39224f9c
2026-05-22T09:09:04.216+05:30  INFO 8492 --- [User-Service] [restartedMain] com.zaxxer.hikari.HikariDataSource       : HikariPool-1 - Start completed.
2026-05-22T09:09:04.414+05:30  INFO 8492 --- [User-Service] [restartedMain] org.hibernate.orm.connections.pooling    : HHH10001005: Database info:
	Database JDBC URL [jdbc:mysql://localhost:3306/User_Service]
	Database driver: MySQL Connector/J
	Database dialect: MySQLDialect
	Database version: 8.0.46
	Default catalog/schema: User_Service/undefined
	Autocommit mode: undefined/unknown
	Isolation level: REPEATABLE_READ [default REPEATABLE_READ]
	JDBC fetch size: none
	Pool: DataSourceConnectionProvider
	Minimum pool size: undefined/unknown
	Maximum pool size: undefined/unknown
2026-05-22T09:09:07.441+05:30  INFO 8492 --- [User-Service] [restartedMain] org.hibernate.orm.core                   : HHH000489: No JTA platform available (set 'hibernate.transaction.jta.platform' to enable JTA platform integration)
2026-05-22T09:09:07.582+05:30  INFO 8492 --- [User-Service] [restartedMain] j.LocalContainerEntityManagerFactoryBean : Initialized JPA EntityManagerFactory for persistence unit 'default'
2026-05-22T09:09:07.796+05:30  INFO 8492 --- [User-Service] [restartedMain] o.s.d.j.r.query.QueryEnhancerFactories   : Hibernate is in classpath; If applicable, HQL parser will be used.
2026-05-22T09:09:08.596+05:30  WARN 8492 --- [User-Service] [restartedMain] JpaBaseConfiguration$JpaWebConfiguration : spring.jpa.open-in-view is enabled by default. Therefore, database queries may be performed during view rendering. Explicitly configure spring.jpa.open-in-view to disable this warning
2026-05-22T09:09:09.921+05:30  INFO 8492 --- [User-Service] [restartedMain] o.s.boot.tomcat.TomcatWebServer          : Tomcat started on port 8082 (http) with context path '/'
2026-05-22T09:09:09.952+05:30  INFO 8492 --- [User-Service] [restartedMain] c.tejas.ams.user.UserServiceApplication  : Started UserServiceApplication in 15.856 seconds (process running for 17.665)
2026-05-22T09:09:20.318+05:30  INFO 8492 --- [User-Service] [http-nio-8082-exec-2] o.a.c.c.C.[Tomcat].[localhost].[/]       : Initializing Spring DispatcherServlet 'dispatcherServlet'
2026-05-22T09:09:20.320+05:30  INFO 8492 --- [User-Service] [http-nio-8082-exec-2] o.s.web.servlet.DispatcherServlet        : Initializing Servlet 'dispatcherServlet'
2026-05-22T09:09:20.324+05:30  INFO 8492 --- [User-Service] [http-nio-8082-exec-2] o.s.web.servlet.DispatcherServlet        : Completed initialization in 3 ms
2026-05-22T09:09:20.889+05:30  INFO 8492 --- [User-Service] [http-nio-8082-exec-2] c.t.ams.user.service.UserServiceImpl     : User login request for username: tejas123
2026-05-22T09:09:23.701+05:30  INFO 8492 --- [User-Service] [http-nio-8082-exec-2] c.t.ams.user.service.UserServiceImpl     : Login Successfull for username: tejas123
2026-05-22T09:09:33.468+05:30  INFO 8492 --- [User-Service] [http-nio-8082-exec-3] c.t.ams.user.service.UserServiceImpl     : User login request for username: tejas123
2026-05-22T09:09:33.485+05:30  WARN 8492 --- [User-Service] [http-nio-8082-exec-3] c.t.ams.user.service.UserServiceImpl     : Invalid Login Credentials for username: tejas123
2026-05-22T09:09:33.548+05:30  WARN 8492 --- [User-Service] [http-nio-8082-exec-3] .m.m.a.ExceptionHandlerExceptionResolver : Resolved [com.tejas.ams.user.exceptions.InvalidLoginException: Invalid Login Credentials]
2026-05-22T09:11:03.355+05:30  INFO 8492 --- [User-Service] [File Watcher] rtingClassPathChangeChangedEventListener : Restarting due to 1 class path change (1 addition, 0 deletions, 0 modifications)
2026-05-22T09:11:03.554+05:30  INFO 8492 --- [User-Service] [Thread-1] o.s.boot.tomcat.GracefulShutdown         : Commencing graceful shutdown. Waiting for active requests to complete
2026-05-22T09:11:03.657+05:30  INFO 8492 --- [User-Service] [tomcat-shutdown] o.s.boot.tomcat.GracefulShutdown         : Graceful shutdown complete
2026-05-22T09:11:03.669+05:30  INFO 8492 --- [User-Service] [Thread-1] j.LocalContainerEntityManagerFactoryBean : Closing JPA EntityManagerFactory for persistence unit 'default'
2026-05-22T09:11:03.675+05:30  INFO 8492 --- [User-Service] [Thread-1] com.zaxxer.hikari.HikariDataSource       : HikariPool-1 - Shutdown initiated...
2026-05-22T09:11:03.759+05:30  INFO 8492 --- [User-Service] [Thread-1] com.zaxxer.hikari.HikariDataSource       : HikariPool-1 - Shutdown completed.
2026-05-22T09:11:04.159+05:30  INFO 8492 --- [User-Service] [restartedMain] c.tejas.ams.user.UserServiceApplication  : Starting UserServiceApplication using Java 17.0.3 with PID 8492 (E:\Tejas\Enterprise Application\Airline-Managment-System-Microservice\User-Service\target\classes started by tejas in E:\Tejas\Enterprise Application\Airline-Managment-System-Microservice\User-Service)
2026-05-22T09:11:04.159+05:30  INFO 8492 --- [User-Service] [restartedMain] c.tejas.ams.user.UserServiceApplication  : No active profile set, falling back to 1 default profile: "default"
2026-05-22T09:11:06.012+05:30  INFO 8492 --- [User-Service] [restartedMain] .s.d.r.c.RepositoryConfigurationDelegate : Bootstrapping Spring Data JPA repositories in DEFAULT mode.
2026-05-22T09:11:06.047+05:30  INFO 8492 --- [User-Service] [restartedMain] .s.d.r.c.RepositoryConfigurationDelegate : Finished Spring Data repository scanning in 25 ms. Found 1 JPA repository interface.
2026-05-22T09:11:06.321+05:30  INFO 8492 --- [User-Service] [restartedMain] o.s.boot.tomcat.TomcatWebServer          : Tomcat initialized with port 8082 (http)
2026-05-22T09:11:06.322+05:30  INFO 8492 --- [User-Service] [restartedMain] o.apache.catalina.core.StandardService   : Starting service [Tomcat]
2026-05-22T09:11:06.323+05:30  INFO 8492 --- [User-Service] [restartedMain] o.apache.catalina.core.StandardEngine    : Starting Servlet engine: [Apache Tomcat/11.0.21]
2026-05-22T09:11:06.368+05:30  INFO 8492 --- [User-Service] [restartedMain] b.w.c.s.WebApplicationContextInitializer : Root WebApplicationContext: initialization completed in 2190 ms
2026-05-22T09:11:06.439+05:30  INFO 8492 --- [User-Service] [restartedMain] com.zaxxer.hikari.HikariDataSource       : HikariPool-2 - Starting...
2026-05-22T09:11:06.489+05:30  INFO 8492 --- [User-Service] [restartedMain] com.zaxxer.hikari.pool.HikariPool        : HikariPool-2 - Added connection com.mysql.cj.jdbc.ConnectionImpl@57ca22f8
2026-05-22T09:11:06.490+05:30  INFO 8492 --- [User-Service] [restartedMain] com.zaxxer.hikari.HikariDataSource       : HikariPool-2 - Start completed.
2026-05-22T09:11:06.526+05:30  INFO 8492 --- [User-Service] [restartedMain] org.hibernate.orm.jpa                    : HHH008540: Processing PersistenceUnitInfo [name: default]
2026-05-22T09:11:06.699+05:30  INFO 8492 --- [User-Service] [restartedMain] o.s.o.j.p.SpringPersistenceUnitInfo      : No LoadTimeWeaver setup: ignoring JPA class transformer
2026-05-22T09:11:06.707+05:30  INFO 8492 --- [User-Service] [restartedMain] org.hibernate.orm.connections.pooling    : HHH10001005: Database info:
	Database JDBC URL [jdbc:mysql://localhost:3306/User_Service]
	Database driver: MySQL Connector/J
	Database dialect: MySQLDialect
	Database version: 8.0.46
	Default catalog/schema: User_Service/undefined
	Autocommit mode: undefined/unknown
	Isolation level: REPEATABLE_READ [default REPEATABLE_READ]
	JDBC fetch size: none
	Pool: DataSourceConnectionProvider
	Minimum pool size: undefined/unknown
	Maximum pool size: undefined/unknown
2026-05-22T09:11:06.965+05:30  INFO 8492 --- [User-Service] [restartedMain] org.hibernate.orm.core                   : HHH000489: No JTA platform available (set 'hibernate.transaction.jta.platform' to enable JTA platform integration)
2026-05-22T09:11:06.997+05:30  INFO 8492 --- [User-Service] [restartedMain] j.LocalContainerEntityManagerFactoryBean : Initialized JPA EntityManagerFactory for persistence unit 'default'
2026-05-22T09:11:07.331+05:30  WARN 8492 --- [User-Service] [restartedMain] JpaBaseConfiguration$JpaWebConfiguration : spring.jpa.open-in-view is enabled by default. Therefore, database queries may be performed during view rendering. Explicitly configure spring.jpa.open-in-view to disable this warning
2026-05-22T09:11:07.595+05:30  INFO 8492 --- [User-Service] [restartedMain] o.s.boot.tomcat.TomcatWebServer          : Tomcat started on port 8082 (http) with context path '/'
2026-05-22T09:11:07.605+05:30  INFO 8492 --- [User-Service] [restartedMain] c.tejas.ams.user.UserServiceApplication  : Started UserServiceApplication in 3.644 seconds (process running for 135.317)
2026-05-22T09:11:07.612+05:30  INFO 8492 --- [User-Service] [restartedMain] .ConditionEvaluationDeltaLoggingListener : Condition evaluation unchanged
